{"uuid":"11d72f72-96f2-421c-ba95-ec9ab871640e","historyId":"d341734f5b98a1fafd19e407c0bf4fcb","fullName":"test_Cases_Class.Multi_Server_Test_Cases_Class.LoginOnProductionServer","labels":[{"name":"package","value":"test_Cases_Class.Multi_Server_Test_Cases_Class"},{"name":"testClass","value":"test_Cases_Class.Multi_Server_Test_Cases_Class"},{"name":"testMethod","value":"LoginOnProductionServer"},{"name":"parentSuite","value":"DFCloudSuite"},{"name":"suite","value":"chrome"},{"name":"subSuite","value":"test_Cases_Class.Multi_Server_Test_Cases_Class"},{"name":"host","value":"Dhiman11"},{"name":"thread","value":"17344@Dhiman11.main(1)"},{"name":"framework","value":"testng"},{"name":"language","value":"java"}],"links":[],"name":"Run full flow per server","status":"broken","statusDetails":{"known":false,"muted":false,"flaky":false,"message":"Expected condition failed: waiting for visibility of Proxy element for: DefaultElementLocator 'By.xpath: //div[@id='dvPendingApplicationsGrid']//div[@class='dx-datagrid-headers dx-datagrid-nowrap']//tr//td[7]' (tried for 30 second(s) with 500 milliseconds interval)","trace":"org.openqa.selenium.TimeoutException: Expected condition failed: waiting for visibility of Proxy element for: DefaultElementLocator 'By.xpath: //div[@id='dvPendingApplicationsGrid']//div[@class='dx-datagrid-headers dx-datagrid-nowrap']//tr//td[7]' (tried for 30 second(s) with 500 milliseconds interval)\r\n\tat org.openqa.selenium.support.ui.WebDriverWait.timeoutException(WebDriverWait.java:84)\r\n\tat org.openqa.selenium.support.ui.FluentWait.until(FluentWait.java:228)\r\n\tat testCasesCode.Applications_Page.clickonCommpress(Applications_Page.java:43)\r\n\tat test_Cases_Class.Multi_Server_Test_Cases_Class.LoginOnProductionServer(Multi_Server_Test_Cases_Class.java:151)\r\n\tat java.base/jdk.internal.reflect.DirectMethodHandleAccessor.invoke(DirectMethodHandleAccessor.java:103)\r\n\tat java.base/java.lang.reflect.Method.invoke(Method.java:580)\r\n\tat org.testng.internal.invokers.MethodInvocationHelper.invokeMethod(MethodInvocationHelper.java:139)\r\n\tat org.testng.internal.invokers.TestInvoker.invokeMethod(TestInvoker.java:664)\r\n\tat org.testng.internal.invokers.TestInvoker.invokeTestMethod(TestInvoker.java:227)\r\n\tat org.testng.internal.invokers.MethodRunner.runInSequence(MethodRunner.java:50)\r\n\tat org.testng.internal.invokers.TestInvoker$MethodInvocationAgent.invoke(TestInvoker.java:957)\r\n\tat org.testng.internal.invokers.TestInvoker.invokeTestMethods(TestInvoker.java:200)\r\n\tat org.testng.internal.invokers.TestMethodWorker.invokeTestMethods(TestMethodWorker.java:148)\r\n\tat org.testng.internal.invokers.TestMethodWorker.run(TestMethodWorker.java:128)\r\n\tat java.base/java.util.ArrayList.forEach(ArrayList.java:1596)\r\n\tat org.testng.TestRunner.privateRun(TestRunner.java:848)\r\n\tat org.testng.TestRunner.run(TestRunner.java:621)\r\n\tat org.testng.SuiteRunner.runTest(SuiteRunner.java:443)\r\n\tat org.testng.SuiteRunner.runSequentially(SuiteRunner.java:437)\r\n\tat org.testng.SuiteRunner.privateRun(SuiteRunner.java:397)\r\n\tat org.testng.SuiteRunner.run(SuiteRunner.java:336)\r\n\tat org.testng.SuiteRunnerWorker.runSuite(SuiteRunnerWorker.java:52)\r\n\tat org.testng.SuiteRunnerWorker.run(SuiteRunnerWorker.java:95)\r\n\tat org.testng.TestNG.runSuitesSequentially(TestNG.java:1280)\r\n\tat org.testng.TestNG.runSuitesLocally(TestNG.java:1200)\r\n\tat org.testng.TestNG.runSuites(TestNG.java:1114)\r\n\tat org.testng.TestNG.run(TestNG.java:1082)\r\n\tat org.testng.remote.AbstractRemoteTestNG.run(AbstractRemoteTestNG.java:115)\r\n\tat org.testng.remote.RemoteTestNG.initAndRun(RemoteTestNG.java:293)\r\n\tat org.testng.remote.RemoteTestNG.main(RemoteTestNG.java:91)\r\nCaused by: org.openqa.selenium.NoSuchElementException: no such element: Unable to locate element: {\"method\":\"xpath\",\"selector\":\"//div[@id='dvPendingApplicationsGrid']//div[@class='dx-datagrid-headers dx-datagrid-nowrap']//tr//td[7]\"}\n  (Session info: chrome=138.0.7204.158)\nFor documentation on this error, please visit: https://www.selenium.dev/documentation/webdriver/troubleshooting/errors#no-such-element-exception\nBuild info: version: '4.34.0', revision: '707dcb4246*'\nSystem info: os.name: 'Windows 11', os.arch: 'amd64', os.version: '10.0', java.version: '21.0.7'\nDriver info: org.openqa.selenium.chrome.ChromeDriver\nCommand: [2754f12509c0a78af52d8c778cabde9f, findElement {value=//div[@id='dvPendingApplicationsGrid']//div[@class='dx-datagrid-headers dx-datagrid-nowrap']//tr//td[7], using=xpath}]\nCapabilities {acceptInsecureCerts: false, browserName: chrome, browserVersion: 138.0.7204.158, chrome: {chromedriverVersion: 138.0.7204.168 (3e8d82e86e9..., userDataDir: C:\\Windows\\SystemTemp\\scope...}, fedcm:accounts: true, goog:chromeOptions: {debuggerAddress: localhost:62524}, networkConnectionEnabled: false, pageLoadStrategy: normal, platformName: windows, proxy: Proxy(), se:cdp: ws://localhost:62524/devtoo..., se:cdpVersion: 138.0.7204.158, setWindowRect: true, strictFileInteractability: false, timeouts: {implicit: 0, pageLoad: 300000, script: 30000}, unhandledPromptBehavior: dismiss and notify, webauthn:extension:credBlob: true, webauthn:extension:largeBlob: true, webauthn:extension:minPinLength: true, webauthn:extension:prf: true, webauthn:virtualAuthenticators: true}\nSession ID: 2754f12509c0a78af52d8c778cabde9f\r\n\tat java.base/jdk.internal.reflect.DirectConstructorHandleAccessor.newInstance(DirectConstructorHandleAccessor.java:62)\r\n\tat java.base/java.lang.reflect.Constructor.newInstanceWithCaller(Constructor.java:502)\r\n\tat java.base/java.lang.reflect.Constructor.newInstance(Constructor.java:486)\r\n\tat org.openqa.selenium.remote.ErrorCodec.decode(ErrorCodec.java:167)\r\n\tat org.openqa.selenium.remote.codec.w3c.W3CHttpResponseCodec.decode(W3CHttpResponseCodec.java:138)\r\n\tat org.openqa.selenium.remote.codec.w3c.W3CHttpResponseCodec.decode(W3CHttpResponseCodec.java:50)\r\n\tat org.openqa.selenium.remote.HttpCommandExecutor.execute(HttpCommandExecutor.java:215)\r\n\tat org.openqa.selenium.remote.service.DriverCommandExecutor.invokeExecute(DriverCommandExecutor.java:216)\r\n\tat org.openqa.selenium.remote.service.DriverCommandExecutor.execute(DriverCommandExecutor.java:174)\r\n\tat org.openqa.selenium.remote.RemoteWebDriver.execute(RemoteWebDriver.java:544)\r\n\tat org.openqa.selenium.remote.ElementLocation$ElementFinder$2.findElement(ElementLocation.java:165)\r\n\tat org.openqa.selenium.remote.ElementLocation.findElement(ElementLocation.java:59)\r\n\tat org.openqa.selenium.remote.RemoteWebDriver.findElement(RemoteWebDriver.java:367)\r\n\tat org.openqa.selenium.remote.RemoteWebDriver.findElement(RemoteWebDriver.java:361)\r\n\tat org.openqa.selenium.support.pagefactory.DefaultElementLocator.findElement(DefaultElementLocator.java:68)\r\n\tat org.openqa.selenium.support.pagefactory.internal.LocatingElementHandler.invoke(LocatingElementHandler.java:38)\r\n\tat jdk.proxy2/jdk.proxy2.$Proxy42.isDisplayed(Unknown Source)\r\n\tat org.openqa.selenium.support.ui.ExpectedConditions.elementIfVisible(ExpectedConditions.java:304)\r\n\tat org.openqa.selenium.support.ui.ExpectedConditions$10.apply(ExpectedConditions.java:290)\r\n\tat org.openqa.selenium.support.ui.ExpectedConditions$10.apply(ExpectedConditions.java:287)\r\n\tat org.openqa.selenium.support.ui.FluentWait.until(FluentWait.java:203)\r\n\t... 28 more\r\n"},"stage":"finished","steps":[{"name":"\uD83C\uDF10 Logging into: https://www3.deepfreeze.com/en/Account/Login?nr=1","status":"passed","stage":"finished","steps":[],"attachments":[],"parameters":[],"start":1753346124632,"stop":1753346124632},{"name":"✅ Login successful: www3","status":"passed","stage":"finished","steps":[],"attachments":[],"parameters":[],"start":1753346132096,"stop":1753346132096},{"name":"\uD83D\uDEE0 Creating policy: NSLBRBJLMU","status":"passed","stage":"finished","steps":[],"attachments":[],"parameters":[],"start":1753346132096,"stop":1753346132096},{"name":"\uD83D\uDCBE Policy created: NSLBRBJLMU","status":"passed","stage":"finished","steps":[],"attachments":[],"parameters":[],"start":1753346156867,"stop":1753346156867},{"name":"\uD83D\uDCE6 Installing Cloud Agent...","status":"passed","stage":"finished","steps":[],"attachments":[],"parameters":[],"start":1753346158463,"stop":1753346158463},{"name":"✅ Agent and products installed","status":"passed","stage":"finished","steps":[],"attachments":[],"parameters":[],"start":1753346733858,"stop":1753346733858},{"name":"✅ Verified Product Installed: Cloud Agent","status":"passed","stage":"finished","steps":[],"attachments":[],"parameters":[],"start":1753346964072,"stop":1753346964072},{"name":"✅ Verified Product Installed: Software Updater","status":"passed","stage":"finished","steps":[],"attachments":[],"parameters":[],"start":1753346964202,"stop":1753346964203},{"name":"✅ Verified Product Installed: Deep Freeze","status":"passed","stage":"finished","steps":[],"attachments":[],"parameters":[],"start":1753346964416,"stop":1753346964416}],"attachments":[],"parameters":[{"name":"arg2","value":"Aloha@123"},{"name":"os","value":"Windows"},{"name":"arg1","value":"sachins@alohatechnology.com"},{"name":"browser","value":"chrome"},{"name":"arg0","value":"https://www3.deepfreeze.com/en/Account/Login?nr=1"}],"start":1753346124619,"stop":1753347635917}