{"uuid":"8986a272-fccb-402d-b661-8262f596deb2","historyId":"5512958b903dacbd39fd0d8c4db00300","fullName":"test_Cases_Class.Multi_Server_Test_Cases_Class.loginToAllProductionServers","labels":[{"name":"package","value":"test_Cases_Class.Multi_Server_Test_Cases_Class"},{"name":"testClass","value":"test_Cases_Class.Multi_Server_Test_Cases_Class"},{"name":"testMethod","value":"loginToAllProductionServers"},{"name":"parentSuite","value":"DFCloudSuite"},{"name":"suite","value":"chrome"},{"name":"subSuite","value":"test_Cases_Class.Multi_Server_Test_Cases_Class"},{"name":"host","value":"Dhiman11"},{"name":"thread","value":"7576@Dhiman11.main(1)"},{"name":"framework","value":"testng"},{"name":"language","value":"java"}],"links":[],"name":"Login to multiple production servers from Excel","status":"broken","statusDetails":{"known":false,"muted":false,"flaky":false,"message":"Expected condition failed: waiting for visibility of Proxy element for: DefaultElementLocator 'By.xpath: //div[@aria-label='Search in data grid']//input[@role='textbox']' (tried for 15 second(s) with 500 milliseconds interval)","trace":"org.openqa.selenium.TimeoutException: Expected condition failed: waiting for visibility of Proxy element for: DefaultElementLocator 'By.xpath: //div[@aria-label='Search in data grid']//input[@role='textbox']' (tried for 15 second(s) with 500 milliseconds interval)\r\n\tat org.openqa.selenium.support.ui.WebDriverWait.timeoutException(WebDriverWait.java:84)\r\n\tat org.openqa.selenium.support.ui.FluentWait.until(FluentWait.java:228)\r\n\tat testCasesCode.Install_CloudPro_Vbox_Production.SearchMachine(Install_CloudPro_Vbox_Production.java:237)\r\n\tat test_Cases_Class.Multi_Server_Test_Cases_Class.loginToAllProductionServers(Multi_Server_Test_Cases_Class.java:152)\r\n\tat java.base/jdk.internal.reflect.DirectMethodHandleAccessor.invoke(DirectMethodHandleAccessor.java:103)\r\n\tat java.base/java.lang.reflect.Method.invoke(Method.java:580)\r\n\tat org.testng.internal.invokers.MethodInvocationHelper.invokeMethod(MethodInvocationHelper.java:139)\r\n\tat org.testng.internal.invokers.TestInvoker.invokeMethod(TestInvoker.java:664)\r\n\tat org.testng.internal.invokers.TestInvoker.invokeTestMethod(TestInvoker.java:227)\r\n\tat org.testng.internal.invokers.MethodRunner.runInSequence(MethodRunner.java:50)\r\n\tat org.testng.internal.invokers.TestInvoker$MethodInvocationAgent.invoke(TestInvoker.java:957)\r\n\tat org.testng.internal.invokers.TestInvoker.invokeTestMethods(TestInvoker.java:200)\r\n\tat org.testng.internal.invokers.TestMethodWorker.invokeTestMethods(TestMethodWorker.java:148)\r\n\tat org.testng.internal.invokers.TestMethodWorker.run(TestMethodWorker.java:128)\r\n\tat java.base/java.util.ArrayList.forEach(ArrayList.java:1596)\r\n\tat org.testng.TestRunner.privateRun(TestRunner.java:848)\r\n\tat org.testng.TestRunner.run(TestRunner.java:621)\r\n\tat org.testng.SuiteRunner.runTest(SuiteRunner.java:443)\r\n\tat org.testng.SuiteRunner.runSequentially(SuiteRunner.java:437)\r\n\tat org.testng.SuiteRunner.privateRun(SuiteRunner.java:397)\r\n\tat org.testng.SuiteRunner.run(SuiteRunner.java:336)\r\n\tat org.testng.SuiteRunnerWorker.runSuite(SuiteRunnerWorker.java:52)\r\n\tat org.testng.SuiteRunnerWorker.run(SuiteRunnerWorker.java:95)\r\n\tat org.testng.TestNG.runSuitesSequentially(TestNG.java:1280)\r\n\tat org.testng.TestNG.runSuitesLocally(TestNG.java:1200)\r\n\tat org.testng.TestNG.runSuites(TestNG.java:1114)\r\n\tat org.testng.TestNG.run(TestNG.java:1082)\r\n\tat org.testng.remote.AbstractRemoteTestNG.run(AbstractRemoteTestNG.java:115)\r\n\tat org.testng.remote.RemoteTestNG.initAndRun(RemoteTestNG.java:293)\r\n\tat org.testng.remote.RemoteTestNG.main(RemoteTestNG.java:91)\r\nCaused by: org.openqa.selenium.NoSuchElementException: no such element: Unable to locate element: {\"method\":\"xpath\",\"selector\":\"//div[@aria-label='Search in data grid']//input[@role='textbox']\"}\n  (Session info: chrome=138.0.7204.158)\nFor documentation on this error, please visit: https://www.selenium.dev/documentation/webdriver/troubleshooting/errors#no-such-element-exception\nBuild info: version: '4.34.0', revision: '707dcb4246*'\nSystem info: os.name: 'Windows 11', os.arch: 'amd64', os.version: '10.0', java.version: '21.0.7'\nDriver info: org.openqa.selenium.chrome.ChromeDriver\nCommand: [c6f3898711a37bd13608a43e64b8179c, findElement {value=//div[@aria-label='Search in data grid']//input[@role='textbox'], using=xpath}]\nCapabilities {acceptInsecureCerts: false, browserName: chrome, browserVersion: 138.0.7204.158, chrome: {chromedriverVersion: 138.0.7204.157 (e533e98b126..., userDataDir: C:\\Windows\\SystemTemp\\scope...}, fedcm:accounts: true, goog:chromeOptions: {debuggerAddress: localhost:59629}, networkConnectionEnabled: false, pageLoadStrategy: normal, platformName: windows, proxy: Proxy(), se:cdp: ws://localhost:59629/devtoo..., se:cdpVersion: 138.0.7204.158, setWindowRect: true, strictFileInteractability: false, timeouts: {implicit: 0, pageLoad: 300000, script: 30000}, unhandledPromptBehavior: dismiss and notify, webauthn:extension:credBlob: true, webauthn:extension:largeBlob: true, webauthn:extension:minPinLength: true, webauthn:extension:prf: true, webauthn:virtualAuthenticators: true}\nSession ID: c6f3898711a37bd13608a43e64b8179c\r\n\tat java.base/jdk.internal.reflect.DirectConstructorHandleAccessor.newInstance(DirectConstructorHandleAccessor.java:62)\r\n\tat java.base/java.lang.reflect.Constructor.newInstanceWithCaller(Constructor.java:502)\r\n\tat java.base/java.lang.reflect.Constructor.newInstance(Constructor.java:486)\r\n\tat org.openqa.selenium.remote.ErrorCodec.decode(ErrorCodec.java:167)\r\n\tat org.openqa.selenium.remote.codec.w3c.W3CHttpResponseCodec.decode(W3CHttpResponseCodec.java:138)\r\n\tat org.openqa.selenium.remote.codec.w3c.W3CHttpResponseCodec.decode(W3CHttpResponseCodec.java:50)\r\n\tat org.openqa.selenium.remote.HttpCommandExecutor.execute(HttpCommandExecutor.java:215)\r\n\tat org.openqa.selenium.remote.service.DriverCommandExecutor.invokeExecute(DriverCommandExecutor.java:216)\r\n\tat org.openqa.selenium.remote.service.DriverCommandExecutor.execute(DriverCommandExecutor.java:174)\r\n\tat org.openqa.selenium.remote.RemoteWebDriver.execute(RemoteWebDriver.java:544)\r\n\tat org.openqa.selenium.remote.ElementLocation$ElementFinder$2.findElement(ElementLocation.java:165)\r\n\tat org.openqa.selenium.remote.ElementLocation.findElement(ElementLocation.java:59)\r\n\tat org.openqa.selenium.remote.RemoteWebDriver.findElement(RemoteWebDriver.java:367)\r\n\tat org.openqa.selenium.remote.RemoteWebDriver.findElement(RemoteWebDriver.java:361)\r\n\tat org.openqa.selenium.support.pagefactory.DefaultElementLocator.findElement(DefaultElementLocator.java:68)\r\n\tat org.openqa.selenium.support.pagefactory.internal.LocatingElementHandler.invoke(LocatingElementHandler.java:38)\r\n\tat jdk.proxy2/jdk.proxy2.$Proxy41.isDisplayed(Unknown Source)\r\n\tat org.openqa.selenium.support.ui.ExpectedConditions.elementIfVisible(ExpectedConditions.java:304)\r\n\tat org.openqa.selenium.support.ui.ExpectedConditions$10.apply(ExpectedConditions.java:290)\r\n\tat org.openqa.selenium.support.ui.ExpectedConditions$10.apply(ExpectedConditions.java:287)\r\n\tat org.openqa.selenium.support.ui.FluentWait.until(FluentWait.java:203)\r\n\t... 28 more\r\n"},"stage":"finished","steps":[{"name":"\uD83C\uDF10 Logging in to server: https://www2.deepfreeze.com/en/Account/Login","status":"passed","stage":"finished","steps":[],"attachments":[],"parameters":[],"start":1752906199959,"stop":1752906199960},{"name":"\uD83D\uDD01 Login attempt result: ✅ Login Success","status":"passed","stage":"finished","steps":[],"attachments":[],"parameters":[],"start":1752906209092,"stop":1752906209092},{"name":"✅ Logged in successfully to: https://www2.deepfreeze.com/en/Account/Login","status":"passed","stage":"finished","steps":[],"attachments":[],"parameters":[],"start":1752906209092,"stop":1752906209092},{"name":"Starting Policy Creation","status":"passed","stage":"finished","steps":[],"attachments":[],"parameters":[],"start":1752906209096,"stop":1752906209096},{"name":"\uD83C\uDFAF Navigate to Policy Page","status":"passed","stage":"finished","steps":[],"attachments":[],"parameters":[],"start":1752906210492,"stop":1752906210492},{"name":"Clicked on Add Policy button","status":"passed","stage":"finished","steps":[],"attachments":[],"parameters":[],"start":1752906210562,"stop":1752906210562},{"name":"Entered random policy name: BSWICVMIIK","status":"passed","stage":"finished","steps":[],"attachments":[],"parameters":[],"start":1752906215284,"stop":1752906215284},{"name":"Enabled Deep Freeze settings","status":"passed","stage":"finished","steps":[],"attachments":[],"parameters":[],"start":1752906221706,"stop":1752906221706},{"name":"Enabled Software Updater settings","status":"passed","stage":"finished","steps":[],"attachments":[],"parameters":[],"start":1752906223815,"stop":1752906223815},{"name":"Selected random apps","status":"passed","stage":"finished","steps":[],"attachments":[],"parameters":[],"start":1752906223889,"stop":1752906223889},{"name":"Clicked Save button to create policy","status":"passed","stage":"finished","steps":[],"attachments":[],"parameters":[],"start":1752906235766,"stop":1752906235766},{"name":"Navigated to Cloud Agent Download Page","status":"passed","stage":"finished","steps":[],"attachments":[],"parameters":[],"start":1752906236474,"stop":1752906236474},{"name":"Clicked on Install Cloud Agent button for policy: BSWICVMIIK","status":"passed","stage":"finished","steps":[],"attachments":[],"parameters":[],"start":1752906237095,"stop":1752906237095},{"name":"Waited 100 seconds for download","status":"passed","stage":"finished","steps":[],"attachments":[],"parameters":[],"start":1752906337102,"stop":1752906337102},{"name":"Renamed installer","status":"passed","stage":"finished","steps":[],"attachments":[],"parameters":[],"start":1752906337104,"stop":1752906337104},{"name":"Started Virtual Machine","status":"passed","stage":"finished","steps":[],"attachments":[],"parameters":[],"start":1752906346050,"stop":1752906346050},{"name":"Pinged VM to ensure it's reachable","status":"passed","stage":"finished","steps":[],"attachments":[],"parameters":[],"start":1752906360909,"stop":1752906360909},{"name":"Copied installer to VM using PsExec","status":"passed","stage":"finished","steps":[],"attachments":[],"parameters":[],"start":1752906375289,"stop":1752906375289},{"name":"Started Cloud product installation on VM","status":"passed","stage":"finished","steps":[],"attachments":[],"parameters":[],"start":1752906397370,"stop":1752906397370},{"name":"Waiting for machine reboot","status":"passed","stage":"finished","steps":[],"attachments":[],"parameters":[],"start":1752906397370,"stop":1752906397370},{"name":"Pinged VM after reboot","status":"passed","stage":"finished","steps":[],"attachments":[],"parameters":[],"start":1752906527371,"stop":1752906527371},{"name":"Waited extra 100 seconds for system load","status":"passed","stage":"finished","steps":[],"attachments":[],"parameters":[],"start":1752906627372,"stop":1752906627372},{"name":"Retry 1: Cloud Agent not found yet","status":"passed","stage":"finished","steps":[],"attachments":[],"parameters":[],"start":1752906629023,"stop":1752906629024},{"name":"Retry 2: Cloud Agent not found yet","status":"passed","stage":"finished","steps":[],"attachments":[],"parameters":[],"start":1752906639323,"stop":1752906639323},{"name":"Product not found after reboot: Cloud Agent","status":"passed","stage":"finished","steps":[],"attachments":[],"parameters":[],"start":1752906649324,"stop":1752906649324},{"name":"Installed Products After Reboot: []","status":"passed","stage":"finished","steps":[],"attachments":[],"parameters":[],"start":1752906649325,"stop":1752906649325},{"name":"\uD83C\uDFAF Navigate to Computers Page","status":"passed","stage":"finished","steps":[],"attachments":[],"parameters":[],"start":1752906659254,"stop":1752906659254}],"attachments":[],"parameters":[{"name":"os","value":"Windows"},{"name":"browser","value":"chrome"}],"start":1752906199940,"stop":1752906699783}